<?xml version="1.0" encoding="UTF-8"?>
<!-- Generated by org.testng.reporters.JUnitReportReporter -->
<testsuite hostname="DESKTOP-9LOKVIA" failures="0" tests="9" name="services.SampleTest" time="9.865" errors="0" timestamp="2022-01-31T17:06:24 TRT" skipped="0">
  <testcase classname="services.SampleTest" name="test04_putUpdateBooking" time="0.986"/>
  <system-out/>
  <testcase classname="services.SampleTest" name="test07_deleteBooking" time="0.986"/>
  <system-out/>
  <testcase classname="services.SampleTest" name="test01_postCreateToken" time="1.486"/>
  <system-out/>
  <testcase classname="services.SampleTest" name="test05_getBookingDetails" time="0.966"/>
  <system-out/>
  <testcase classname="services.SampleTest" name="test05_getBookingDetails" time="0.974"/>
  <system-out/>
  <testcase classname="services.SampleTest" name="sample" time="1.736"/>
  <system-out/>
  <testcase classname="services.SampleTest" name="test02_getBookingID" time="0.827"/>
  <system-out/>
  <testcase classname="services.SampleTest" name="test03_postCreateBooking" time="1.050"/>
  <system-out/>
  <testcase classname="services.SampleTest" name="test06_patchPartialUpdateBooking" time="0.854"/>
  <system-out/>
</testsuite> <!-- services.SampleTest -->
